<?xml version="1.0" encoding="UTF-8"?>
<!-- Generated by org.testng.reporters.JUnitXMLReporter -->
<testsuite ignored="0" hostname="DESKTOP-OULP1E2" failures="1" tests="3" name="RajaTest" time="142.231" errors="0" timestamp="2024-03-25T08:30:28 IST">
  <testcase classname="alltests.EndtoEndTest" name="fullTest" time="30.561">
    <failure type="org.openqa.selenium.ElementClickInterceptedException" message="element click intercepted: Element &amp;lt;span class=&amp;quot;hidden-xs hidden-sm hidden-md&amp;quot;&amp;gt;...&amp;lt;/span&amp;gt; is not clickable at point (276, 678). Other element would receive the click: &amp;lt;img src=&amp;quot;https://naveenautomationlabs.com/opencart/image/cache/catalog/demo/banners/iPhone6-1140x380.jpg&amp;quot; alt=&amp;quot;iPhone 6&amp;quot; class=&amp;quot;img-responsive&amp;quot;&amp;gt;
  (Session info: chrome=123.0.6312.59)
Build info: version: &amp;apos;4.16.1&amp;apos;, revision: &amp;apos;9b4c83354e&amp;apos;
System info: os.name: &amp;apos;Windows 10&amp;apos;, os.arch: &amp;apos;amd64&amp;apos;, os.version: &amp;apos;10.0&amp;apos;, java.version: &amp;apos;17.0.4.1&amp;apos;
Driver info: org.openqa.selenium.chrome.ChromeDriver
Command: [26d1defa88917c3a016eee8c101a6d11, clickElement {id=f.D672A51A56D0899EA6F66D932D72EE41.d.AC3488E911CCCF02ABB5854EFB43FCB0.e.115}]
Capabilities {acceptInsecureCerts: false, browserName: chrome, browserVersion: 123.0.6312.59, chrome: {chromedriverVersion: 123.0.6312.58 (6b4b19e9dfbb..., userDataDir: C:\Users\ADMIN\AppData\Loca...}, fedcm:accounts: true, goog:chromeOptions: {debuggerAddress: localhost:54101}, networkConnectionEnabled: false, pageLoadStrategy: normal, platformName: windows, proxy: Proxy(), se:cdp: ws://localhost:54101/devtoo..., se:cdpVersion: 123.0.6312.59, setWindowRect: true, strictFileInteractability: false, timeouts: {implicit: 0, pageLoad: 300000, script: 30000}, unhandledPromptBehavior: dismiss and notify, webauthn:extension:credBlob: true, webauthn:extension:largeBlob: true, webauthn:extension:minPinLength: true, webauthn:extension:prf: true, webauthn:virtualAuthenticators: true}
Element: [[ChromeDriver: chrome on windows (26d1defa88917c3a016eee8c101a6d11)] -&amp;gt; xpath: //div[@class=&amp;apos;product-layout col-lg-3 col-md-3 col-sm-6 col-xs-12&amp;apos;]/div/div/button/span]
Session ID: 26d1defa88917c3a016eee8c101a6d11">
      <![CDATA[org.openqa.selenium.ElementClickInterceptedException: element click intercepted: Element <span class="hidden-xs hidden-sm hidden-md">...</span> is not clickable at point (276, 678). Other element would receive the click: <img src="https://naveenautomationlabs.com/opencart/image/cache/catalog/demo/banners/iPhone6-1140x380.jpg" alt="iPhone 6" class="img-responsive">
  (Session info: chrome=123.0.6312.59)
Build info: version: '4.16.1', revision: '9b4c83354e'
System info: os.name: 'Windows 10', os.arch: 'amd64', os.version: '10.0', java.version: '17.0.4.1'
Driver info: org.openqa.selenium.chrome.ChromeDriver
Command: [26d1defa88917c3a016eee8c101a6d11, clickElement {id=f.D672A51A56D0899EA6F66D932D72EE41.d.AC3488E911CCCF02ABB5854EFB43FCB0.e.115}]
Capabilities {acceptInsecureCerts: false, browserName: chrome, browserVersion: 123.0.6312.59, chrome: {chromedriverVersion: 123.0.6312.58 (6b4b19e9dfbb..., userDataDir: C:\Users\ADMIN\AppData\Loca...}, fedcm:accounts: true, goog:chromeOptions: {debuggerAddress: localhost:54101}, networkConnectionEnabled: false, pageLoadStrategy: normal, platformName: windows, proxy: Proxy(), se:cdp: ws://localhost:54101/devtoo..., se:cdpVersion: 123.0.6312.59, setWindowRect: true, strictFileInteractability: false, timeouts: {implicit: 0, pageLoad: 300000, script: 30000}, unhandledPromptBehavior: dismiss and notify, webauthn:extension:credBlob: true, webauthn:extension:largeBlob: true, webauthn:extension:minPinLength: true, webauthn:extension:prf: true, webauthn:virtualAuthenticators: true}
Element: [[ChromeDriver: chrome on windows (26d1defa88917c3a016eee8c101a6d11)] -> xpath: //div[@class='product-layout col-lg-3 col-md-3 col-sm-6 col-xs-12']/div/div/button/span]
Session ID: 26d1defa88917c3a016eee8c101a6d11
at org.openqa.selenium.remote.codec.w3c.W3CHttpResponseCodec.createException(W3CHttpResponseCodec.java:200)
at org.openqa.selenium.remote.codec.w3c.W3CHttpResponseCodec.decode(W3CHttpResponseCodec.java:133)
at org.openqa.selenium.remote.codec.w3c.W3CHttpResponseCodec.decode(W3CHttpResponseCodec.java:52)
at org.openqa.selenium.remote.HttpCommandExecutor.execute(HttpCommandExecutor.java:191)
at org.openqa.selenium.remote.service.DriverCommandExecutor.invokeExecute(DriverCommandExecutor.java:200)
at org.openqa.selenium.remote.service.DriverCommandExecutor.execute(DriverCommandExecutor.java:175)
at org.openqa.selenium.remote.RemoteWebDriver.execute(RemoteWebDriver.java:523)
at org.openqa.selenium.remote.RemoteWebElement.execute(RemoteWebElement.java:224)
at org.openqa.selenium.remote.RemoteWebElement.click(RemoteWebElement.java:77)
at objectrepository.AddtoCart.productselectionmethod(AddtoCart.java:63)
at alltests.EndtoEndTest.fullTest(EndtoEndTest.java:44)
at java.base/java.util.ArrayList.forEach(ArrayList.java:1511)
... Removed 32 stack frames]]>
    </failure>
  </testcase> <!-- fullTest -->
  <testcase classname="alltests.EndtoEndTest" name="secondTest" time="26.187"/>
  <testcase classname="alltests.EndtoEndTest" name="thirdTest" time="32.509"/>
</testsuite> <!-- RajaTest -->
